The log file "prove1.log" was opened 13-May-2023 12:05 PM.
MM> show proof th1/lemmon/all
 1 wa            $f wff a
 2 wa            $f wff a
 3 wa            $f wff a
 4 2,3 wi        $a wff ( a -> a )
 5 1,4 wi        $a wff ( a -> ( a -> a ) )
 6 wa            $f wff a
 7 wa            $f wff a
 8 6,7 wi        $a wff ( a -> a )
 9 wa            $f wff a
10 wa            $f wff a
11 wa            $f wff a
12 10,11 wi      $a wff ( a -> a )
13 wa            $f wff a
14 12,13 wi      $a wff ( ( a -> a ) -> a )
15 9,14 wi       $a wff ( a -> ( ( a -> a ) -> a ) )
16 wa            $f wff a
17 wa            $f wff a
18 wa            $f wff a
19 17,18 wi      $a wff ( a -> a )
20 16,19 wi      $a wff ( a -> ( a -> a ) )
21 wa            $f wff a
22 wa            $f wff a
23 21,22 wi      $a wff ( a -> a )
24 20,23 wi      $a wff ( ( a -> ( a -> a ) ) -> ( a -> a ) )
25 wa            $f wff a
26 wa            $f wff a
27 wa            $f wff a
28 26,27 wi      $a wff ( a -> a )
29 wa            $f wff a
30 25,28,29 a2   $a |- ( ( a -> ( ( a -> a ) -> a ) ) -> ( ( a -> ( a -> a ) ) -> ( a -> a ) ) )
31 wa            $f wff a
32 wa            $f wff a
33 wa            $f wff a
34 32,33 wi      $a wff ( a -> a )
35 31,34 a1      $a |- ( a -> ( ( a -> a ) -> a ) )
36 15,24,30,35 mp  $a |- ( ( a -> ( a -> a ) ) -> ( a -> a ) )
37 wa            $f wff a
38 wa            $f wff a
39 37,38 a1      $a |- ( a -> ( a -> a ) )
40 5,8,36,39 mp  $a |- ( a -> a )
MM> close log
The log file "prove1.log" was closed 13-May-2023 12:05 PM.
